<?xml version="1.0" encoding="UTF-8"?>
<!-- Generated by org.testng.reporters.JUnitXMLReporter -->
<testsuite ignored="1" hostname="DESKTOP-KIQOVS2" failures="1" tests="2" name="Test" time="22.902" errors="0" timestamp="2024-12-29T06:53:59 EST">
  <testcase classname="testCases.TC001_AccountRegistrationTest" name="verify_account_registration" time="2.152"/>
  <testcase classname="testCases.TC002_LoginTest" name="verifyLogin" time="11.252">
    <failure type="java.lang.AssertionError" message="expected [true] but found [false]">
      <![CDATA[java.lang.AssertionError: expected [true] but found [false]
at testCases.TC002_LoginTest.verifyLogin(TC002_LoginTest.java:30)
at java.base/java.util.ArrayList.forEach(ArrayList.java:1511)
... Removed 29 stack frames]]>
    </failure>
  </testcase> <!-- verifyLogin -->
  <testcase classname="testCases.TC003_LoginDDT" name="verify_loginDDT" time="0.0">
    <ignored/>
  </testcase> <!-- verify_loginDDT -->
</testsuite> <!-- Test -->
