<?xml version="1.0" encoding="UTF-8"?>
<testng-results ignored="0" total="1" passed="1" failed="0" skipped="0">
  <reporter-output>
  </reporter-output>
  <suite started-at="2025-03-06T19:24:27 EST" name="Master Suite" finished-at="2025-03-06T19:24:36 EST" duration-ms="9044">
    <groups>
      <group name="Master">
        <method signature="TC004_AddressBookTest.verifyAddressBook()[pri:0, instance:testCases.TC004_AddressBookTest@1c5920df]" name="verifyAddressBook" class="testCases.TC004_AddressBookTest"/>
      </group> <!-- Master -->
    </groups>
    <test started-at="2025-03-06T19:24:27 EST" name="Test" finished-at="2025-03-06T19:24:36 EST" duration-ms="9044">
      <class name="testCases.TC004_AddressBookTest">
        <test-method is-config="true" signature="setup(java.lang.String,java.lang.String)[pri:0, instance:testCases.TC004_AddressBookTest@1c5920df]" started-at="2025-03-06T19:24:27 EST" name="setup" finished-at="2025-03-06T19:24:32 EST" duration-ms="4444" status="PASS">
          <params>
            <param index="0">
              <value>
                <![CDATA[Windows]]>
              </value>
            </param>
            <param index="1">
              <value>
                <![CDATA[chrome]]>
              </value>
            </param>
          </params>
          <reporter-output>
          </reporter-output>
        </test-method> <!-- setup -->
        <test-method signature="verifyAddressBook()[pri:0, instance:testCases.TC004_AddressBookTest@1c5920df]" started-at="2025-03-06T19:24:32 EST" name="verifyAddressBook" finished-at="2025-03-06T19:24:36 EST" duration-ms="4207" status="PASS">
          <reporter-output>
          </reporter-output>
        </test-method> <!-- verifyAddressBook -->
        <test-method is-config="true" signature="tearDown()[pri:0, instance:testCases.TC004_AddressBookTest@1c5920df]" started-at="2025-03-06T19:24:36 EST" name="tearDown" finished-at="2025-03-06T19:24:36 EST" duration-ms="177" status="PASS">
          <reporter-output>
          </reporter-output>
        </test-method> <!-- tearDown -->
      </class> <!-- testCases.TC004_AddressBookTest -->
    </test> <!-- Test -->
  </suite> <!-- Master Suite -->
</testng-results>
